<?xml version="1.0" encoding="utf-8"?>
<coverage line-rate="1" branch-rate="0.9890000000000001" version="1.9" timestamp="1771688980" lines-covered="2294" lines-valid="2294" branches-covered="811" branches-valid="820">
  <sources>
    <source>D:\a\switchblade\switchblade\</source>
  </sources>
  <packages>
    <package name="SwitchBlade" line-rate="1" branch-rate="0.9890000000000001" complexity="1002">
      <classes>
        <class name="SwitchBlade.ViewModels.MainViewModel" filename="ViewModels\MainViewModel.cs" line-rate="1" branch-rate="1" complexity="101">
          <methods>
            <method name="get_WindowProviders" signature="()" line-rate="1" branch-rate="1" complexity="2">
              <lines>
                <line number="40" hits="2" branch="True" condition-coverage="100% (2/2)">
                  <conditions>
                    <condition number="13" type="jump" coverage="100%" />
                  </conditions>
                </line>
                <line number="41" hits="1" branch="False" />
                <line number="42" hits="2" branch="False" />
              </lines>
            </method>
            <method name="OnWindowListUpdated" signature="(System.Object,SwitchBlade.Services.WindowListUpdatedEventArgs)" line-rate="1" branch-rate="1" complexity="1">
              <lines>
                <line number="97" hits="19" branch="False" />
                <line number="98" hits="38" branch="False" />
                <line number="99" hits="19" branch="False" />
              </lines>
            </method>
            <method name="get_ItemHeight" signature="()" line-rate="1" branch-rate="1" complexity="2">
              <lines>
                <line number="101" hits="2" branch="True" condition-coverage="100% (2/2)">
                  <conditions>
                    <condition number="7" type="jump" coverage="100%" />
                  </conditions>
                </line>
              </lines>
            </method>
            <method name="get_EnablePreviews" signature="()" line-rate="1" branch-rate="1" complexity="1">
              <lines>
                <line number="105" hits="3" branch="False" />
              </lines>
            </method>
            <method name="set_EnablePreviews" signature="(System.Boolean)" line-rate="1" branch-rate="1" complexity="1">
              <lines>
                <line number="106" hits="88" branch="False" />
              </lines>
            </method>
            <method name="get_EnableNumberShortcuts" signature="()" line-rate="1" branch-rate="1" complexity="2">
              <lines>
                <line number="109" hits="2" branch="True" condition-coverage="100% (2/2)">
                  <conditions>
                    <condition number="7" type="jump" coverage="100%" />
                  </conditions>
                </line>
              </lines>
            </method>
            <method name="get_ShortcutModifierText" signature="()" line-rate="1" branch-rate="1" complexity="2">
              <lines>
                <line number="114" hits="2" branch="False" />
                <line number="115" hits="2" branch="True" condition-coverage="100% (2/2)">
                  <conditions>
                    <condition number="8" type="jump" coverage="100%" />
                  </conditions>
                </line>
                <line number="116" hits="2" branch="False" />
                <line number="117" hits="2" branch="False" />
              </lines>
            </method>
            <method name="get_ShowInTaskbar" signature="()" line-rate="1" branch-rate="1" complexity="2">
              <lines>
                <line number="120" hits="2" branch="True" condition-coverage="100% (2/2)">
                  <conditions>
                    <condition number="7" type="jump" coverage="100%" />
                  </conditions>
                </line>
              </lines>
            </method>
            <method name="get_ShowIcons" signature="()" line-rate="1" branch-rate="1" complexity="2">
              <lines>
                <line number="122" hits="2" branch="True" condition-coverage="100% (2/2)">
                  <conditions>
                    <condition number="7" type="jump" coverage="100%" />
                  </conditions>
                </line>
              </lines>
            </method>
            <method name="get_FilteredWindows" signature="()" line-rate="1" branch-rate="1" complexity="1">
              <lines>
                <line number="126" hits="311" branch="False" />
              </lines>
            </method>
            <method name="set_FilteredWindows" signature="(System.Collections.ObjectModel.ObservableCollection`1&lt;SwitchBlade.Contracts.WindowItem&gt;)" line-rate="1" branch-rate="1" complexity="2">
              <lines>
                <line number="128" hits="10" branch="False" />
                <line number="129" hits="10" branch="True" condition-coverage="100% (2/2)">
                  <conditions>
                    <condition number="7" type="jump" coverage="100%" />
                  </conditions>
                </line>
                <line number="130" hits="9" branch="False" />
                <line number="131" hits="9" branch="False" />
                <line number="132" hits="9" branch="False" />
                <line number="133" hits="9" branch="False" />
                <line number="134" hits="10" branch="False" />
              </lines>
            </method>
            <method name="get_SelectedWindow" signature="()" line-rate="1" branch-rate="1" complexity="1">
              <lines>
                <line number="139" hits="197" branch="False" />
              </lines>
            </method>
            <method name="set_SelectedWindow" signature="(SwitchBlade.Contracts.WindowItem)" line-rate="1" branch-rate="1" complexity="4">
              <lines>
                <line number="141" hits="54" branch="False" />
                <line number="142" hits="54" branch="True" condition-coverage="100% (2/2)">
                  <conditions>
                    <condition number="15" type="jump" coverage="100%" />
                  </conditions>
                </line>
                <line number="143" hits="27" branch="False" />
                <line number="144" hits="27" branch="False" />
                <line number="145" hits="27" branch="True" condition-coverage="100% (2/2)">
                  <conditions>
                    <condition number="36" type="jump" coverage="100%" />
                  </conditions>
                </line>
                <line number="146" hits="12" branch="False" />
                <line number="147" hits="27" branch="False" />
                <line number="148" hits="54" branch="False" />
              </lines>
            </method>
            <method name="get_SearchText" signature="()" line-rate="1" branch-rate="1" complexity="1">
              <lines>
                <line number="153" hits="37" branch="False" />
              </lines>
            </method>
            <method name="set_SearchText" signature="(System.String)" line-rate="1" branch-rate="1" complexity="4">
              <lines>
                <line number="155" hits="16" branch="False" />
                <line number="156" hits="16" branch="True" condition-coverage="100% (2/2)">
                  <conditions>
                    <condition number="15" type="jump" coverage="100%" />
                  </conditions>
                </line>
                <line number="157" hits="16" branch="False" />
                <line number="158" hits="16" branch="False" />
                <line number="159" hits="16" branch="False" />
                <line number="160" hits="16" branch="True" condition-coverage="100% (2/2)">
                  <conditions>
                    <condition number="44" type="jump" coverage="100%" />
                  </conditions>
                </line>
                <line number="161" hits="16" branch="False" />
                <line number="162" hits="16" branch="False" />
                <line number="163" hits="16" branch="False" />
              </lines>
            </method>
            <method name="UpdateSearch" signature="(System.Boolean)" line-rate="1" branch-rate="1" complexity="22">
              <lines>
                <line number="177" hits="35" branch="False" />
                <line number="178" hits="35" branch="False" />
                <line number="179" hits="35" branch="False" />
                <line number="180" hits="35" branch="False" />
                <line number="182" hits="35" branch="False" />
                <line number="184" hits="35" branch="True" condition-coverage="100% (2/2)">
                  <conditions>
                    <condition number="35" type="jump" coverage="100%" />
                  </conditions>
                </line>
                <line number="185" hits="35" branch="True" condition-coverage="100% (2/2)">
                  <conditions>
                    <condition number="68" type="jump" coverage="100%" />
                  </conditions>
                </line>
                <line number="186" hits="35" branch="True" condition-coverage="100% (2/2)">
                  <conditions>
                    <condition number="86" type="jump" coverage="100%" />
                  </conditions>
                </line>
                <line number="187" hits="35" branch="False" />
                <line number="190" hits="35" branch="True" condition-coverage="100% (2/2)">
                  <conditions>
                    <condition number="125" type="jump" coverage="100%" />
                  </conditions>
                </line>
                <line number="191" hits="35" branch="False" />
                <line number="192" hits="35" branch="False" />
                <line number="195" hits="35" branch="False" />
                <line number="198" hits="178" branch="True" condition-coverage="100% (2/2)">
                  <conditions>
                    <condition number="254" type="jump" coverage="100%" />
                  </conditions>
                </line>
                <line number="199" hits="54" branch="True" condition-coverage="100% (2/2)">
                  <conditions>
                    <condition number="216" type="jump" coverage="100%" />
                  </conditions>
                </line>
                <line number="202" hits="35" branch="True" condition-coverage="100% (2/2)">
                  <conditions>
                    <condition number="263" type="jump" coverage="100%" />
                  </conditions>
                </line>
                <line number="203" hits="35" branch="False" />
                <line number="204" hits="35" branch="False" />
                <line number="206" hits="35" branch="False" />
                <line number="209" hits="35" branch="True" condition-coverage="100% (6/6)">
                  <conditions>
                    <condition number="317" type="jump" coverage="100%" />
                    <condition number="327" type="jump" coverage="100%" />
                    <condition number="344" type="jump" coverage="100%" />
                  </conditions>
                </line>
                <line number="210" hits="19" branch="False" />
                <line number="211" hits="19" branch="False" />
                <line number="212" hits="19" branch="False" />
                <line number="213" hits="19" branch="False" />
                <line number="214" hits="35" branch="False" />
                <line number="216" hits="35" branch="False" />
                <line number="217" hits="35" branch="False" />
                <line number="218" hits="35" branch="False" />
                <line number="219" hits="35" branch="False" />
                <line number="222" hits="35" branch="True" condition-coverage="100% (2/2)">
                  <conditions>
                    <condition number="401" type="jump" coverage="100%" />
                  </conditions>
                </line>
                <line number="223" hits="35" branch="False" />
              </lines>
            </method>
            <method name="SyncCollection" signature="(System.Collections.ObjectModel.ObservableCollection`1&lt;SwitchBlade.Contracts.WindowItem&gt;,System.Collections.Generic.IList`1&lt;SwitchBlade.Contracts.WindowItem&gt;)" line-rate="1" branch-rate="1" complexity="16">
              <lines>
                <line number="226" hits="35" branch="False" />
                <line number="227" hits="35" branch="False" />
                <line number="228" hits="122" branch="True" condition-coverage="100% (2/2)">
                  <conditions>
                    <condition number="64" type="jump" coverage="100%" />
                  </conditions>
                </line>
                <line number="229" hits="26" branch="False" />
                <line number="230" hits="26" branch="True" condition-coverage="100% (2/2)">
                  <conditions>
                    <condition number="38" type="jump" coverage="100%" />
                  </conditions>
                </line>
                <line number="231" hits="7" branch="False" />
                <line number="232" hits="26" branch="False" />
                <line number="235" hits="35" branch="False" />
                <line number="236" hits="178" branch="True" condition-coverage="100% (2/2)">
                  <conditions>
                    <condition number="254" type="jump" coverage="100%" />
                  </conditions>
                </line>
                <line number="237" hits="54" branch="False" />
                <line number="238" hits="54" branch="False" />
                <line number="239" hits="54" branch="True" condition-coverage="100% (4/4)">
                  <conditions>
                    <condition number="94" type="jump" coverage="100%" />
                    <condition number="114" type="jump" coverage="100%" />
                  </conditions>
                </line>
                <line number="240" hits="17" branch="False" />
                <line number="241" hits="17" branch="False" />
                <line number="242" hits="17" branch="False" />
                <line number="244" hits="37" branch="False" />
                <line number="245" hits="37" branch="False" />
                <line number="246" hits="76" branch="True" condition-coverage="100% (2/2)">
                  <conditions>
                    <condition number="182" type="jump" coverage="100%" />
                  </conditions>
                </line>
                <line number="247" hits="3" branch="False" />
                <line number="248" hits="3" branch="True" condition-coverage="100% (2/2)">
                  <conditions>
                    <condition number="152" type="jump" coverage="100%" />
                  </conditions>
                </line>
                <line number="249" hits="2" branch="False" />
                <line number="250" hits="2" branch="False" />
                <line number="251" hits="2" branch="False" />
                <line number="253" hits="1" branch="False" />
                <line number="255" hits="37" branch="True" condition-coverage="100% (2/2)">
                  <conditions>
                    <condition number="196" type="jump" coverage="100%" />
                  </conditions>
                </line>
                <line number="256" hits="2" branch="False" />
                <line number="257" hits="2" branch="False" />
                <line number="258" hits="2" branch="False" />
                <line number="259" hits="2" branch="False" />
                <line number="261" hits="35" branch="False" />
                <line number="262" hits="35" branch="False" />
                <line number="263" hits="35" branch="False" />
                <line number="264" hits="35" branch="False" />
                <line number="265" hits="37" branch="False" />
                <line number="266" hits="54" branch="False" />
                <line number="267" hits="35" branch="False" />
              </lines>
            </method>
            <method name="MoveSelection" signature="(System.Int32)" line-rate="1" branch-rate="1" complexity="8">
              <lines>
                <line number="270" hits="6" branch="False" />
                <line number="271" hits="8" branch="True" condition-coverage="100% (2/2)">
                  <conditions>
                    <condition number="17" type="jump" coverage="100%" />
                  </conditions>
                </line>
                <line number="272" hits="4" branch="True" condition-coverage="100% (2/2)">
                  <conditions>
                    <condition number="27" type="jump" coverage="100%" />
                  </conditions>
                </line>
                <line number="273" hits="4" branch="False" />
                <line number="274" hits="4" branch="True" condition-coverage="100% (4/4)">
                  <conditions>
                    <condition number="77" type="jump" coverage="100%" />
                    <condition number="98" type="jump" coverage="100%" />
                  </conditions>
                </line>
                <line number="275" hits="3" branch="False" />
                <line number="276" hits="6" branch="False" />
              </lines>
            </method>
            <method name="MoveSelectionToFirst" signature="()" line-rate="1" branch-rate="1" complexity="2">
              <lines>
                <line number="279" hits="2" branch="False" />
                <line number="280" hits="2" branch="True" condition-coverage="100% (2/2)">
                  <conditions>
                    <condition number="17" type="jump" coverage="100%" />
                  </conditions>
                </line>
                <line number="281" hits="1" branch="False" />
                <line number="282" hits="2" branch="False" />
              </lines>
            </method>
            <method name="MoveSelectionToLast" signature="()" line-rate="1" branch-rate="1" complexity="2">
              <lines>
                <line number="285" hits="2" branch="False" />
                <line number="286" hits="2" branch="True" condition-coverage="100% (2/2)">
                  <conditions>
                    <condition number="17" type="jump" coverage="100%" />
                  </conditions>
                </line>
                <line number="287" hits="1" branch="False" />
                <line number="288" hits="2" branch="False" />
              </lines>
            </method>
            <method name="MoveSelectionByPage" signature="(System.Int32,System.Int32)" line-rate="1" branch-rate="1" complexity="8">
              <lines>
                <line number="291" hits="5" branch="False" />
                <line number="292" hits="8" branch="True" condition-coverage="100% (4/4)">
                  <conditions>
                    <condition number="12" type="jump" coverage="100%" />
                    <condition number="26" type="jump" coverage="100%" />
                  </conditions>
                </line>
                <line number="293" hits="2" branch="True" condition-coverage="100% (2/2)">
                  <conditions>
                    <condition number="36" type="jump" coverage="100%" />
                  </conditions>
                </line>
                <line number="294" hits="2" branch="False" />
                <line number="295" hits="2" branch="True" condition-coverage="100% (2/2)">
                  <conditions>
                    <condition number="94" type="jump" coverage="100%" />
                  </conditions>
                </line>
                <line number="296" hits="2" branch="False" />
                <line number="297" hits="5" branch="False" />
              </lines>
            </method>
            <method name="OnPropertyChanged" signature="(System.String)" line-rate="1" branch-rate="1" complexity="2">
              <lines>
                <line number="301" hits="83" branch="False" />
                <line number="302" hits="83" branch="True" condition-coverage="100% (2/2)">
                  <conditions>
                    <condition number="8" type="jump" coverage="100%" />
                  </conditions>
                </line>
                <line number="303" hits="83" branch="False" />
              </lines>
            </method>
            <method name="&lt;.ctor&gt;b__21_0" signature="()" line-rate="1" branch-rate="1" complexity="1">
              <lines>
                <line number="70" hits="1" branch="False" />
                <line number="71" hits="1" branch="False" />
                <line number="72" hits="1" branch="False" />
                <line number="73" hits="1" branch="False" />
                <line number="74" hits="1" branch="False" />
                <line number="75" hits="1" branch="False" />
                <line number="76" hits="1" branch="False" />
                <line number="77" hits="1" branch="False" />
                <line number="78" hits="1" branch="False" />
                <line number="79" hits="1" branch="False" />
                <line number="80" hits="1" branch="False" />
                <line number="81" hits="20" branch="False" />
              </lines>
            </method>
            <method name=".ctor" signature="(SwitchBlade.Services.IWindowOrchestrationService,SwitchBlade.Core.IWindowSearchService,SwitchBlade.Services.INavigationService,SwitchBlade.Services.ISettingsService,SwitchBlade.Services.IDispatcherService)" line-rate="1" branch-rate="1" complexity="10">
              <lines>
                <line number="23" hits="62" branch="False" />
                <line number="25" hits="62" branch="False" />
                <line number="26" hits="62" branch="False" />
                <line number="27" hits="62" branch="False" />
                <line number="28" hits="62" branch="False" />
                <line number="29" hits="62" branch="False" />
                <line number="30" hits="62" branch="False" />
                <line number="45" hits="62" branch="False" />
                <line number="46" hits="62" branch="False" />
                <line number="47" hits="62" branch="False" />
                <line number="48" hits="62" branch="False" />
                <line number="49" hits="62" branch="False" />
                <line number="50" hits="62" branch="False" />
                <line number="51" hits="62" branch="False" />
                <line number="52" hits="62" branch="True" condition-coverage="100% (2/2)">
                  <conditions>
                    <condition number="80" type="jump" coverage="100%" />
                  </conditions>
                </line>
                <line number="53" hits="61" branch="True" condition-coverage="100% (2/2)">
                  <conditions>
                    <condition number="102" type="jump" coverage="100%" />
                  </conditions>
                </line>
                <line number="54" hits="60" branch="True" condition-coverage="100% (2/2)">
                  <conditions>
                    <condition number="124" type="jump" coverage="100%" />
                  </conditions>
                </line>
                <line number="55" hits="59" branch="False" />
                <line number="56" hits="59" branch="True" condition-coverage="100% (2/2)">
                  <conditions>
                    <condition number="155" type="jump" coverage="100%" />
                  </conditions>
                </line>
                <line number="59" hits="59" branch="False" />
                <line number="61" hits="59" branch="True" condition-coverage="100% (2/2)">
                  <conditions>
                    <condition number="203" type="jump" coverage="100%" />
                  </conditions>
                </line>
                <line number="62" hits="19" branch="False" />
                <line number="63" hits="19" branch="False" />
                <line number="64" hits="19" branch="False" />
                <line number="65" hits="19" branch="False" />
                <line number="66" hits="19" branch="False" />
                <line number="67" hits="19" branch="False" />
                <line number="69" hits="19" branch="False" />
                <line number="82" hits="19" branch="False" />
                <line number="83" hits="59" branch="False" />
              </lines>
            </method>
            <method name=".ctor" signature="(System.Collections.Generic.IEnumerable`1&lt;SwitchBlade.Contracts.IWindowProvider&gt;,SwitchBlade.Services.ISettingsService,SwitchBlade.Services.IDispatcherService,SwitchBlade.Services.IIconService)" line-rate="1" branch-rate="1" complexity="2">
              <lines>
                <line number="87" hits="39" branch="True" condition-coverage="100% (2/2)">
                  <conditions>
                    <condition number="11" type="jump" coverage="100%" />
                  </conditions>
                </line>
                <line number="88" hits="39" branch="False" />
                <line number="89" hits="39" branch="False" />
                <line number="90" hits="39" branch="False" />
                <line number="91" hits="39" branch="False" />
                <line number="92" hits="39" branch="False" />
                <line number="93" hits="39" branch="False" />
                <line number="94" hits="39" branch="False" />
              </lines>
            </method>
          </methods>
          <lines>
            <line number="40" hits="2" branch="True" condition-coverage="100% (2/2)">
              <conditions>
                <condition number="13" type="jump" coverage="100%" />
              </conditions>
            </line>
            <line number="41" hits="1" branch="False" />
            <line number="42" hits="2" branch="False" />
            <line number="97" hits="19" branch="False" />
            <line number="98" hits="38" branch="False" />
            <line number="99" hits="19" branch="False" />
            <line number="101" hits="2" branch="True" condition-coverage="100% (2/2)">
              <conditions>
                <condition number="7" type="jump" coverage="100%" />
              </conditions>
            </line>
            <line number="105" hits="3" branch="False" />
            <line number="106" hits="88" branch="False" />
            <line number="109" hits="2" branch="True" condition-coverage="100% (2/2)">
              <conditions>
                <condition number="7" type="jump" coverage="100%" />
              </conditions>
            </line>
            <line number="114" hits="2" branch="False" />
            <line number="115" hits="2" branch="True" condition-coverage="100% (2/2)">
              <conditions>
                <condition number="8" type="jump" coverage="100%" />
              </conditions>
            </line>
            <line number="116" hits="2" branch="False" />
            <line number="117" hits="2" branch="False" />
            <line number="120" hits="2" branch="True" condition-coverage="100% (2/2)">
              <conditions>
                <condition number="7" type="jump" coverage="100%" />
              </conditions>
            </line>
            <line number="122" hits="2" branch="True" condition-coverage="100% (2/2)">
              <conditions>
                <condition number="7" type="jump" coverage="100%" />
              </conditions>
            </line>
            <line number="126" hits="311" branch="False" />
            <line number="128" hits="10" branch="False" />
            <line number="129" hits="10" branch="True" condition-coverage="100% (2/2)">
              <conditions>
                <condition number="7" type="jump" coverage="100%" />
              </conditions>
            </line>
            <line number="130" hits="9" branch="False" />
            <line number="131" hits="9" branch="False" />
            <line number="132" hits="9" branch="False" />
            <line number="133" hits="9" branch="False" />
            <line number="134" hits="10" branch="False" />
            <line number="139" hits="197" branch="False" />
            <line number="141" hits="54" branch="False" />
            <line number="142" hits="54" branch="True" condition-coverage="100% (2/2)">
              <conditions>
                <condition number="15" type="jump" coverage="100%" />
              </conditions>
            </line>
            <line number="143" hits="27" branch="False" />
            <line number="144" hits="27" branch="False" />
            <line number="145" hits="27" branch="True" condition-coverage="100% (2/2)">
              <conditions>
                <condition number="36" type="jump" coverage="100%" />
              </conditions>
            </line>
            <line number="146" hits="12" branch="False" />
            <line number="147" hits="27" branch="False" />
            <line number="148" hits="54" branch="False" />
            <line number="153" hits="37" branch="False" />
            <line number="155" hits="16" branch="False" />
            <line number="156" hits="16" branch="True" condition-coverage="100% (2/2)">
              <conditions>
                <condition number="15" type="jump" coverage="100%" />
              </conditions>
            </line>
            <line number="157" hits="16" branch="False" />
            <line number="158" hits="16" branch="False" />
            <line number="159" hits="16" branch="False" />
            <line number="160" hits="16" branch="True" condition-coverage="100% (2/2)">
              <conditions>
                <condition number="44" type="jump" coverage="100%" />
              </conditions>
            </line>
            <line number="161" hits="16" branch="False" />
            <line number="162" hits="16" branch="False" />
            <line number="163" hits="16" branch="False" />
            <line number="177" hits="35" branch="False" />
            <line number="178" hits="35" branch="False" />
            <line number="179" hits="35" branch="False" />
            <line number="180" hits="35" branch="False" />
            <line number="182" hits="35" branch="False" />
            <line number="184" hits="35" branch="True" condition-coverage="100% (2/2)">
              <conditions>
                <condition number="35" type="jump" coverage="100%" />
              </conditions>
            </line>
            <line number="185" hits="35" branch="True" condition-coverage="100% (2/2)">
              <conditions>
                <condition number="68" type="jump" coverage="100%" />
              </conditions>
            </line>
            <line number="186" hits="35" branch="True" condition-coverage="100% (2/2)">
              <conditions>
                <condition number="86" type="jump" coverage="100%" />
              </conditions>
            </line>
            <line number="187" hits="35" branch="False" />
            <line number="190" hits="35" branch="True" condition-coverage="100% (2/2)">
              <conditions>
                <condition number="125" type="jump" coverage="100%" />
              </conditions>
            </line>
            <line number="191" hits="35" branch="False" />
            <line number="192" hits="35" branch="False" />
            <line number="195" hits="35" branch="False" />
            <line number="198" hits="178" branch="True" condition-coverage="100% (2/2)">
              <conditions>
                <condition number="254" type="jump" coverage="100%" />
              </conditions>
            </line>
            <line number="199" hits="54" branch="True" condition-coverage="100% (2/2)">
              <conditions>
                <condition number="216" type="jump" coverage="100%" />
              </conditions>
            </line>
            <line number="202" hits="35" branch="True" condition-coverage="100% (2/2)">
              <conditions>
                <condition number="263" type="jump" coverage="100%" />
              </conditions>
            </line>
            <line number="203" hits="35" branch="False" />
            <line number="204" hits="35" branch="False" />
            <line number="206" hits="35" branch="False" />
            <line number="209" hits="35" branch="True" condition-coverage="100% (6/6)">
              <conditions>
                <condition number="317" type="jump" coverage="100%" />
                <condition number="327" type="jump" coverage="100%" />
                <condition number="344" type="jump" coverage="100%" />
              </conditions>
            </line>
            <line number="210" hits="19" branch="False" />
            <line number="211" hits="19" branch="False" />
            <line number="212" hits="19" branch="False" />
            <line number="213" hits="19" branch="False" />
            <line number="214" hits="35" branch="False" />
            <line number="216" hits="35" branch="False" />
            <line number="217" hits="35" branch="False" />
            <line number="218" hits="35" branch="False" />
            <line number="219" hits="35" branch="False" />
            <line number="222" hits="35" branch="True" condition-coverage="100% (2/2)">
              <conditions>
                <condition number="401" type="jump" coverage="100%" />
              </conditions>
            </line>
            <line number="223" hits="35" branch="False" />
            <line number="226" hits="35" branch="False" />
            <line number="227" hits="35" branch="False" />
            <line number="228" hits="122" branch="True" condition-coverage="100% (2/2)">
              <conditions>
                <condition number="64" type="jump" coverage="100%" />
              </conditions>
            </line>
            <line number="229" hits="26" branch="False" />
            <line number="230" hits="26" branch="True" condition-coverage="100% (2/2)">
              <conditions>
                <condition number="38" type="jump" coverage="100%" />
              </conditions>
            </line>
            <line number="231" hits="7" branch="False" />
            <line number="232" hits="26" branch="False" />
            <line number="235" hits="35" branch="False" />
            <line number="236" hits="178" branch="True" condition-coverage="100% (2/2)">
              <conditions>
                <condition number="254" type="jump" coverage="100%" />
              </conditions>
            </line>
            <line number="237" hits="54" branch="False" />
            <line number="238" hits="54" branch="False" />
            <line number="239" hits="54" branch="True" condition-coverage="100% (4/4)">
              <conditions>
                <condition number="94" type="jump" coverage="100%" />
                <condition number="114" type="jump" coverage="100%" />
              </conditions>
            </line>
            <line number="240" hits="17" branch="False" />
            <line number="241" hits="17" branch="False" />
            <line number="242" hits="17" branch="False" />
            <line number="244" hits="37" branch="False" />
            <line number="245" hits="37" branch="False" />
            <line number="246" hits="76" branch="True" condition-coverage="100% (2/2)">
              <conditions>
                <condition number="182" type="jump" coverage="100%" />
              </conditions>
            </line>
            <line number="247" hits="3" branch="False" />
            <line number="248" hits="3" branch="True" condition-coverage="100% (2/2)">
              <conditions>
                <condition number="152" type="jump" coverage="100%" />
              </conditions>
            </line>
            <line number="249" hits="2" branch="False" />
            <line number="250" hits="2" branch="False" />
            <line number="251" hits="2" branch="False" />
            <line number="253" hits="1" branch="False" />
            <line number="255" hits="37" branch="True" condition-coverage="100% (2/2)">
              <conditions>
                <condition number="196" type="jump" coverage="100%" />
              </conditions>
            </line>
            <line number="256" hits="2" branch="False" />
            <line number="257" hits="2" branch="False" />
            <line number="258" hits="2" branch="False" />
            <line number="259" hits="2" branch="False" />
            <line number="261" hits="35" branch="False" />
            <line number="262" hits="35" branch="False" />
            <line number="263" hits="35" branch="False" />
            <line number="264" hits="35" branch="False" />
            <line number="265" hits="37" branch="False" />
            <line number="266" hits="54" branch="False" />
            <line number="267" hits="35" branch="False" />
            <line number="270" hits="6" branch="False" />
            <line number="271" hits="8" branch="True" condition-coverage="100% (2/2)">
              <conditions>
                <condition number="17" type="jump" coverage="100%" />
              </conditions>
            </line>
            <line number="272" hits="4" branch="True" condition-coverage="100% (2/2)">
              <conditions>
                <condition number="27" type="jump" coverage="100%" />
              </conditions>
            </line>
            <line number="273" hits="4" branch="False" />
            <line number="274" hits="4" branch="True" condition-coverage="100% (4/4)">
              <conditions>
                <condition number="77" type="jump" coverage="100%" />
                <condition number="98" type="jump" coverage="100%" />
              </conditions>
            </line>
            <line number="275" hits="3" branch="False" />
            <line number="276" hits="6" branch="False" />
            <line number="279" hits="2" branch="False" />
            <line number="280" hits="2" branch="True" condition-coverage="100% (2/2)">
              <conditions>
                <condition number="17" type="jump" coverage="100%" />
              </conditions>
            </line>
            <line number="281" hits="1" branch="False" />
            <line number="282" hits="2" branch="False" />
            <line number="285" hits="2" branch="False" />
            <line number="286" hits="2" branch="True" condition-coverage="100% (2/2)">
              <conditions>
                <condition number="17" type="jump" coverage="100%" />
              </conditions>
            </line>
            <line number="287" hits="1" branch="False" />
            <line number="288" hits="2" branch="False" />
            <line number="291" hits="5" branch="False" />
            <line number="292" hits="8" branch="True" condition-coverage="100% (4/4)">
              <conditions>
                <condition number="12" type="jump" coverage="100%" />
                <condition number="26" type="jump" coverage="100%" />
              </conditions>
            </line>
            <line number="293" hits="2" branch="True" condition-coverage="100% (2/2)">
              <conditions>
                <condition number="36" type="jump" coverage="100%" />
              </conditions>
            </line>
            <line number="294" hits="2" branch="False" />
            <line number="295" hits="2" branch="True" condition-coverage="100% (2/2)">
              <conditions>
                <condition number="94" type="jump" coverage="100%" />
              </conditions>
            </line>
            <line number="296" hits="2" branch="False" />
            <line number="297" hits="5" branch="False" />
            <line number="301" hits="83" branch="False" />
            <line number="302" hits="83" branch="True" condition-coverage="100% (2/2)">
              <conditions>
                <condition number="8" type="jump" coverage="100%" />
              </conditions>
            </line>
            <line number="303" hits="83" branch="False" />
            <line number="70" hits="1" branch="False" />
            <line number="71" hits="1" branch="False" />
            <line number="72" hits="1" branch="False" />
            <line number="73" hits="1" branch="False" />
            <line number="74" hits="1" branch="False" />
            <line number="75" hits="1" branch="False" />
            <line number="76" hits="1" branch="False" />
            <line number="77" hits="1" branch="False" />
            <line number="78" hits="1" branch="False" />
            <line number="79" hits="1" branch="False" />
            <line number="80" hits="1" branch="False" />
            <line number="81" hits="20" branch="False" />
            <line number="23" hits="62" branch="False" />
            <line number="25" hits="62" branch="False" />
            <line number="26" hits="62" branch="False" />
            <line number="27" hits="62" branch="False" />
            <line number="28" hits="62" branch="False" />
            <line number="29" hits="62" branch="False" />
            <line number="30" hits="62" branch="False" />
            <line number="45" hits="62" branch="False" />
            <line number="46" hits="62" branch="False" />
            <line number="47" hits="62" branch="False" />
            <line number="48" hits="62" branch="False" />
            <line number="49" hits="62" branch="False" />
            <line number="50" hits="62" branch="False" />
            <line number="51" hits="62" branch="False" />
            <line number="52" hits="62" branch="True" condition-coverage="100% (2/2)">
              <conditions>
                <condition number="80" type="jump" coverage="100%" />
              </conditions>
            </line>
            <line number="53" hits="61" branch="True" condition-coverage="100% (2/2)">
              <conditions>
                <condition number="102" type="jump" coverage="100%" />
              </conditions>
            </line>
            <line number="54" hits="60" branch="True" condition-coverage="100% (2/2)">
              <conditions>
                <condition number="124" type="jump" coverage="100%" />
              </conditions>
            </line>
            <line number="55" hits="59" branch="False" />
            <line number="56" hits="59" branch="True" condition-coverage="100% (2/2)">
              <conditions>
                <condition number="155" type="jump" coverage="100%" />
              </conditions>
            </line>
            <line number="59" hits="59" branch="False" />
            <line number="61" hits="59" branch="True" condition-coverage="100% (2/2)">
              <conditions>
                <condition number="203" type="jump" coverage="100%" />
              </conditions>
            </line>
            <line number="62" hits="19" branch="False" />
            <line number="63" hits="19" branch="False" />
            <line number="64" hits="19" branch="False" />
            <line number="65" hits="19" branch="False" />
            <line number="66" hits="19" branch="False" />
            <line number="67" hits="19" branch="False" />
            <line number="69" hits="19" branch="False" />
            <line number="82" hits="19" branch="False" />
            <line number="83" hits="59" branch="False" />
            <line number="87" hits="39" branch="True" condition-coverage="100% (2/2)">
              <conditions>
                <condition number="11" type="jump" coverage="100%" />
              </conditions>
            </line>
            <line number="88" hits="39" branch="False" />
            <line number="89" hits="39" branch="False" />
            <line number="90" hits="39" branch="False" />
            <line number="91" hits="39" branch="False" />
            <line number="92" hits="39" branch="False" />
            <line number="93" hits="39" branch="False" />
            <line number="94" hits="39" branch="False" />
          </lines>
        </class>
        <class name="SwitchBlade.ViewModels.MainViewModel/&lt;RefreshWindows&gt;d__46" filename="ViewModels\MainViewModel.cs" line-rate="1" branch-rate="1" complexity="1">
          <methods>
            <method name="MoveNext" signature="()" line-rate="1" branch-rate="1" complexity="1">
              <lines>
                <line number="167" hits="19" branch="False" />
                <line number="169" hits="19" branch="False" />
                <line number="170" hits="19" branch="False" />
                <line number="171" hits="19" branch="False" />
                <line number="172" hits="19" branch="False" />
                <line number="173" hits="19" branch="False" />
                <line number="174" hits="19" branch="False" />
              </lines>
            </method>
          </methods>
          <lines>
            <line number="167" hits="19" branch="False" />
            <line number="169" hits="19" branch="False" />
            <line number="170" hits="19" branch="False" />
            <line number="171" hits="19" branch="False" />
            <line number="172" hits="19" branch="False" />
            <line number="173" hits="19" branch="False" />
            <line number="174" hits="19" branch="False" />
          </lines>
        </class>
        <class name="SwitchBlade.ViewModels.RelayCommand" filename="ViewModels\RelayCommand.cs" line-rate="1" branch-rate="1" complexity="6">
          <methods>
            <method name="CanExecute" signature="(System.Object)" line-rate="1" branch-rate="1" complexity="2">
              <lines>
                <line number="18" hits="8" branch="False" />
                <line number="19" hits="8" branch="True" condition-coverage="100% (2/2)">
                  <conditions>
                    <condition number="7" type="jump" coverage="100%" />
                  </conditions>
                </line>
                <line number="20" hits="8" branch="False" />
              </lines>
            </method>
            <method name="Execute" signature="(System.Object)" line-rate="1" branch-rate="1" complexity="1">
              <lines>
                <line number="23" hits="11" branch="False" />
                <line number="24" hits="11" branch="False" />
                <line number="25" hits="11" branch="False" />
              </lines>
            </method>
            <method name="add_CanExecuteChanged" signature="(System.EventHandler)" line-rate="1" branch-rate="1" complexity="1">
              <lines>
                <line number="29" hits="9" branch="False" />
              </lines>
            </method>
            <method name="remove_CanExecuteChanged" signature="(System.EventHandler)" line-rate="1" branch-rate="1" complexity="1">
              <lines>
                <line number="30" hits="3" branch="False" />
              </lines>
            </method>
            <method name=".ctor" signature="(System.Action`1&lt;System.Object&gt;,System.Predicate`1&lt;System.Object&gt;)" line-rate="1" branch-rate="1" complexity="1">
              <lines>
                <line number="11" hits="122" branch="False" />
                <line number="12" hits="122" branch="False" />
                <line number="13" hits="122" branch="False" />
                <line number="14" hits="122" branch="False" />
                <line number="15" hits="122" branch="False" />
              </lines>
            </method>
          </methods>
          <lines>
            <line number="18" hits="8" branch="False" />
            <line number="19" hits="8" branch="True" condition-coverage="100% (2/2)">
              <conditions>
                <condition number="7" type="jump" coverage="100%" />
              </conditions>
            </line>
            <line number="20" hits="8" branch="False" />
            <line number="23" hits="11" branch="False" />
            <line number="24" hits="11" branch="False" />
            <line number="25" hits="11" branch="False" />
            <line number="29" hits="9" branch="False" />
            <line number="30" hits="3" branch="False" />
            <line number="11" hits="122" branch="False" />
            <line number="12" hits="122" branch="False" />
            <line number="13" hits="122" branch="False" />
            <line number="14" hits="122" branch="False" />
            <line number="15" hits="122" branch="False" />
          </lines>
        </class>
        <class name="SwitchBlade.ViewModels.SettingsViewModel" filename="ViewModels\SettingsViewModel.cs" line-rate="1" branch-rate="1" complexity="104">
          <methods>
            <method name="get_AvailableThemes" signature="()" line-rate="1" branch-rate="1" complexity="1">
              <lines>
                <line number="19" hits="40" branch="False" />
              </lines>
            </method>
            <method name="get_LoadedPlugins" signature="()" line-rate="1" branch-rate="1" complexity="1">
              <lines>
                <line number="20" hits="40" branch="False" />
              </lines>
            </method>
            <method name="get_SelectedTheme" signature="()" line-rate="1" branch-rate="1" complexity="1">
              <lines>
                <line number="26" hits="1" branch="False" />
              </lines>
            </method>
            <method name="set_SelectedTheme" signature="(System.String)" line-rate="1" branch-rate="1" complexity="2">
              <lines>
                <line number="28" hits="2" branch="False" />
                <line number="29" hits="2" branch="True" condition-coverage="100% (2/2)">
                  <conditions>
                    <condition number="15" type="jump" coverage="100%" />
                  </conditions>
                </line>
                <line number="30" hits="1" branch="False" />
                <line number="31" hits="1" branch="False" />
                <line number="32" hits="1" branch="False" />
                <line number="33" hits="1" branch="False" />
                <line number="34" hits="1" branch="False" />
                <line number="35" hits="2" branch="False" />
              </lines>
            </method>
            <method name="get_EnablePreviews" signature="()" line-rate="1" branch-rate="1" complexity="1">
              <lines>
                <line number="40" hits="1" branch="False" />
              </lines>
            </method>
            <method name="set_EnablePreviews" signature="(System.Boolean)" line-rate="1" branch-rate="1" complexity="1">
              <lines>
                <line number="41" hits="5" branch="False" />
              </lines>
            </method>
            <method name="get_HideTaskbarIcon" signature="()" line-rate="1" branch-rate="1" complexity="1">
              <lines>
                <line number="46" hits="1" branch="False" />
              </lines>
            </method>
            <method name="set_HideTaskbarIcon" signature="(System.Boolean)" line-rate="1" branch-rate="1" complexity="1">
              <lines>
                <line number="47" hits="5" branch="False" />
              </lines>
            </method>
            <method name="get_ShowIcons" signature="()" line-rate="1" branch-rate="1" complexity="1">
              <lines>
                <line number="52" hits="1" branch="False" />
              </lines>
            </method>
            <method name="set_ShowIcons" signature="(System.Boolean)" line-rate="1" branch-rate="1" complexity="1">
              <lines>
                <line number="53" hits="5" branch="False" />
              </lines>
            </method>
            <method name="get_LaunchOnStartup" signature="()" line-rate="1" branch-rate="1" complexity="1">
              <lines>
                <line number="59" hits="2" branch="False" />
              </lines>
            </method>
            <method name="set_LaunchOnStartup" signature="(System.Boolean)" line-rate="1" branch-rate="1" complexity="1">
              <lines>
                <line number="60" hits="5" branch="False" />
              </lines>
            </method>
            <method name="get_RunAsAdministrator" signature="()" line-rate="1" branch-rate="1" complexity="1">
              <lines>
                <line number="65" hits="1" branch="False" />
              </lines>
            </method>
            <method name="set_RunAsAdministrator" signature="(System.Boolean)" line-rate="1" branch-rate="1" complexity="14">
              <lines>
                <line number="67" hits="6" branch="False" />
                <line number="68" hits="6" branch="True" condition-coverage="100% (2/2)">
                  <conditions>
                    <condition number="25" type="jump" coverage="100%" />
                  </conditions>
                </line>
                <line number="69" hits="5" branch="False" />
                <line number="71" hits="5" branch="True" condition-coverage="100% (6/6)">
                  <conditions>
                    <condition number="32" type="jump" coverage="100%" />
                    <condition number="45" type="jump" coverage="100%" />
                    <condition number="48" type="jump" coverage="100%" />
                  </conditions>
                </line>
                <line number="73" hits="5" branch="True" condition-coverage="100% (2/2)">
                  <conditions>
                    <condition number="71" type="jump" coverage="100%" />
                  </conditions>
                </line>
                <line number="74" hits="3" branch="False" />
                <line number="75" hits="3" branch="True" condition-coverage="100% (2/2)">
                  <conditions>
                    <condition number="75" type="jump" coverage="100%" />
                  </conditions>
                </line>
                <line number="76" hits="3" branch="False" />
                <line number="77" hits="3" branch="False" />
                <line number="79" hits="3" branch="False" />
                <line number="80" hits="3" branch="False" />
                <line number="81" hits="3" branch="False" />
                <line number="82" hits="3" branch="False" />
                <line number="83" hits="3" branch="False" />
                <line number="85" hits="3" branch="True" condition-coverage="100% (2/2)">
                  <conditions>
                    <condition number="121" type="jump" coverage="100%" />
                  </conditions>
                </line>
                <line number="86" hits="2" branch="False" />
                <line number="88" hits="2" branch="False" />
                <line number="89" hits="2" branch="False" />
                <line number="90" hits="2" branch="False" />
                <line number="91" hits="2" branch="False" />
                <line number="92" hits="2" branch="False" />
                <line number="94" hits="3" branch="False" />
                <line number="96" hits="2" branch="False" />
                <line number="98" hits="2" branch="False" />
                <line number="99" hits="2" branch="False" />
                <line number="100" hits="2" branch="False" />
                <line number="101" hits="2" branch="False" />
                <line number="102" hits="5" branch="False" />
                <line number="103" hits="6" branch="False" />
              </lines>
            </method>
            <method name="get_FadeDurationMs" signature="()" line-rate="1" branch-rate="1" complexity="1">
              <lines>
                <line number="110" hits="1" branch="False" />
              </lines>
            </method>
            <method name="set_FadeDurationMs" signature="(System.Int32)" line-rate="1" branch-rate="1" complexity="1">
              <lines>
                <line number="111" hits="5" branch="False" />
              </lines>
            </method>
            <method name="get_WindowOpacity" signature="()" line-rate="1" branch-rate="1" complexity="1">
              <lines>
                <line number="116" hits="1" branch="False" />
              </lines>
            </method>
            <method name="set_WindowOpacity" signature="(System.Double)" line-rate="1" branch-rate="1" complexity="1">
              <lines>
                <line number="117" hits="5" branch="False" />
              </lines>
            </method>
            <method name="get_ItemHeight" signature="()" line-rate="1" branch-rate="1" complexity="1">
              <lines>
                <line number="122" hits="1" branch="False" />
              </lines>
            </method>
            <method name="set_ItemHeight" signature="(System.Double)" line-rate="1" branch-rate="1" complexity="1">
              <lines>
                <line number="123" hits="5" branch="False" />
              </lines>
            </method>
            <method name="get_EnableBackgroundPolling" signature="()" line-rate="1" branch-rate="1" complexity="1">
              <lines>
                <line number="128" hits="1" branch="False" />
              </lines>
            </method>
            <method name="set_EnableBackgroundPolling" signature="(System.Boolean)" line-rate="1" branch-rate="1" complexity="1">
              <lines>
                <line number="129" hits="5" branch="False" />
              </lines>
            </method>
            <method name="get_BackgroundPollingIntervalSeconds" signature="()" line-rate="1" branch-rate="1" complexity="1">
              <lines>
                <line number="134" hits="1" branch="False" />
              </lines>
            </method>
            <method name="set_BackgroundPollingIntervalSeconds" signature="(System.Int32)" line-rate="1" branch-rate="1" complexity="1">
              <lines>
                <line number="135" hits="5" branch="False" />
              </lines>
            </method>
            <method name="get_EnableNumberShortcuts" signature="()" line-rate="1" branch-rate="1" complexity="1">
              <lines>
                <line number="140" hits="1" branch="False" />
              </lines>
            </method>
            <method name="set_EnableNumberShortcuts" signature="(System.Boolean)" line-rate="1" branch-rate="1" complexity="1">
              <lines>
                <line number="141" hits="5" branch="False" />
              </lines>
            </method>
            <method name="get_EnableBadgeAnimations" signature="()" line-rate="1" branch-rate="1" complexity="1">
              <lines>
                <line number="146" hits="1" branch="False" />
              </lines>
            </method>
            <method name="set_EnableBadgeAnimations" signature="(System.Boolean)" line-rate="1" branch-rate="1" complexity="1">
              <lines>
                <line number="147" hits="5" branch="False" />
              </lines>
            </method>
            <method name="get_RegexCacheSize" signature="()" line-rate="1" branch-rate="1" complexity="1">
              <lines>
                <line number="152" hits="1" branch="False" />
              </lines>
            </method>
            <method name="set_RegexCacheSize" signature="(System.Int32)" line-rate="1" branch-rate="1" complexity="1">
              <lines>
                <line number="153" hits="5" branch="False" />
              </lines>
            </method>
            <method name="get_EnableFuzzySearch" signature="()" line-rate="1" branch-rate="1" complexity="1">
              <lines>
                <line number="158" hits="1" branch="False" />
              </lines>
            </method>
            <method name="set_EnableFuzzySearch" signature="(System.Boolean)" line-rate="1" branch-rate="1" complexity="1">
              <lines>
                <line number="159" hits="5" branch="False" />
              </lines>
            </method>
            <method name="get_IconCacheSize" signature="()" line-rate="1" branch-rate="1" complexity="1">
              <lines>
                <line number="164" hits="1" branch="False" />
              </lines>
            </method>
            <method name="set_IconCacheSize" signature="(System.Int32)" line-rate="1" branch-rate="1" complexity="1">
              <lines>
                <line number="165" hits="5" branch="False" />
              </lines>
            </method>
            <method name="get_UiaWorkerTimeoutSeconds" signature="()" line-rate="1" branch-rate="1" complexity="1">
              <lines>
                <line number="170" hits="1" branch="False" />
              </lines>
            </method>
            <method name="set_UiaWorkerTimeoutSeconds" signature="(System.Int32)" line-rate="1" branch-rate="1" complexity="1">
              <lines>
                <line number="171" hits="5" branch="False" />
              </lines>
            </method>
            <method name="get_IsPreserveScrollSelected" signature="()" line-rate="1" branch-rate="1" complexity="1">
              <lines>
                <line number="176" hits="2" branch="False" />
              </lines>
            </method>
            <method name="set_IsPreserveScrollSelected" signature="(System.Boolean)" line-rate="1" branch-rate="1" complexity="2">
              <lines>
                <line number="178" hits="1" branch="False" />
                <line number="179" hits="1" branch="True" condition-coverage="100% (2/2)">
                  <conditions>
                    <condition number="4" type="jump" coverage="100%" />
                  </conditions>
                </line>
                <line number="180" hits="1" branch="False" />
                <line number="181" hits="1" branch="False" />
                <line number="182" hits="1" branch="False" />
                <line number="183" hits="1" branch="False" />
                <line number="184" hits="1" branch="False" />
                <line number="185" hits="1" branch="False" />
              </lines>
            </method>
            <method name="get_IsPreserveIdentitySelected" signature="()" line-rate="1" branch-rate="1" complexity="1">
              <lines>
                <line number="190" hits="3" branch="False" />
              </lines>
            </method>
            <method name="set_IsPreserveIdentitySelected" signature="(System.Boolean)" line-rate="1" branch-rate="1" complexity="2">
              <lines>
                <line number="192" hits="1" branch="False" />
                <line number="193" hits="1" branch="True" condition-coverage="100% (2/2)">
                  <conditions>
                    <condition number="4" type="jump" coverage="100%" />
                  </conditions>
                </line>
                <line number="194" hits="1" branch="False" />
                <line number="195" hits="1" branch="False" />
                <line number="196" hits="1" branch="False" />
                <line number="197" hits="1" branch="False" />
                <line number="198" hits="1" branch="False" />
                <line number="199" hits="1" branch="False" />
              </lines>
            </method>
            <method name="get_IsPreserveIndexSelected" signature="()" line-rate="1" branch-rate="1" complexity="1">
              <lines>
                <line number="204" hits="2" branch="False" />
              </lines>
            </method>
            <method name="set_IsPreserveIndexSelected" signature="(System.Boolean)" line-rate="1" branch-rate="1" complexity="2">
              <lines>
                <line number="206" hits="1" branch="False" />
                <line number="207" hits="1" branch="True" condition-coverage="100% (2/2)">
                  <conditions>
                    <condition number="4" type="jump" coverage="100%" />
                  </conditions>
                </line>
                <line number="208" hits="1" branch="False" />
                <line number="209" hits="1" branch="False" />
                <line number="210" hits="1" branch="False" />
                <line number="211" hits="1" branch="False" />
                <line number="212" hits="1" branch="False" />
                <line number="213" hits="1" branch="False" />
              </lines>
            </method>
            <method name="get_AvailableShortcutModifiers" signature="()" line-rate="1" branch-rate="1" complexity="1">
              <lines>
                <line number="216" hits="41" branch="False" />
              </lines>
            </method>
            <method name="get_SelectedShortcutModifier" signature="()" line-rate="1" branch-rate="1" complexity="1">
              <lines>
                <line number="223" hits="1" branch="False" />
              </lines>
            </method>
            <method name="set_SelectedShortcutModifier" signature="(System.String)" line-rate="1" branch-rate="1" complexity="1">
              <lines>
                <line number="225" hits="1" branch="False" />
                <line number="226" hits="1" branch="False" />
                <line number="227" hits="1" branch="False" />
                <line number="228" hits="1" branch="False" />
                <line number="229" hits="1" branch="False" />
              </lines>
            </method>
            <method name="ModifierValueToString" signature="(System.UInt32)" line-rate="1" branch-rate="1" complexity="1">
              <lines>
                <line number="232" hits="1" branch="False" />
              </lines>
            </method>
            <method name="StringToModifierValue" signature="(System.String)" line-rate="1" branch-rate="1" complexity="1">
              <lines>
                <line number="234" hits="1" branch="False" />
              </lines>
            </method>
            <method name="get_HotKeyString" signature="()" line-rate="1" branch-rate="1" complexity="8">
              <lines>
                <line number="272" hits="2" branch="False" />
                <line number="273" hits="2" branch="False" />
                <line number="274" hits="2" branch="False" />
                <line number="276" hits="2" branch="False" />
                <line number="277" hits="3" branch="True" condition-coverage="100% (2/2)">
                  <conditions>
                    <condition number="49" type="jump" coverage="100%" />
                  </conditions>
                </line>
                <line number="278" hits="4" branch="True" condition-coverage="100% (2/2)">
                  <conditions>
                    <condition number="73" type="jump" coverage="100%" />
                  </conditions>
                </line>
                <line number="279" hits="4" branch="True" condition-coverage="100% (2/2)">
                  <conditions>
                    <condition number="97" type="jump" coverage="100%" />
                  </conditions>
                </line>
                <line number="280" hits="3" branch="True" condition-coverage="100% (2/2)">
                  <conditions>
                    <condition number="121" type="jump" coverage="100%" />
                  </conditions>
                </line>
                <line number="282" hits="2" branch="False" />
                <line number="283" hits="2" branch="False" />
                <line number="284" hits="2" branch="False" />
              </lines>
            </method>
            <method name="UpdateHotKey" signature="(System.UInt32,System.UInt32)" line-rate="1" branch-rate="1" complexity="1">
              <lines>
                <line number="288" hits="1" branch="False" />
                <line number="289" hits="1" branch="False" />
                <line number="290" hits="1" branch="False" />
                <line number="291" hits="1" branch="False" />
                <line number="292" hits="1" branch="False" />
                <line number="293" hits="1" branch="False" />
              </lines>
            </method>
            <method name="get_ExcludedProcesses" signature="()" line-rate="1" branch-rate="1" complexity="1">
              <lines>
                <line number="299" hits="51" branch="False" />
              </lines>
            </method>
            <method name="get_NewExcludedProcessName" signature="()" line-rate="1" branch-rate="1" complexity="1">
              <lines>
                <line number="303" hits="6" branch="False" />
              </lines>
            </method>
            <method name="set_NewExcludedProcessName" signature="(System.String)" line-rate="1" branch-rate="1" complexity="1">
              <lines>
                <line number="304" hits="28" branch="False" />
              </lines>
            </method>
            <method name="get_SelectedExcludedProcess" signature="()" line-rate="1" branch-rate="1" complexity="1">
              <lines>
                <line number="309" hits="6" branch="False" />
              </lines>
            </method>
            <method name="set_SelectedExcludedProcess" signature="(System.String)" line-rate="1" branch-rate="1" complexity="1">
              <lines>
                <line number="310" hits="24" branch="False" />
              </lines>
            </method>
            <method name="get_AddExcludedProcessCommand" signature="()" line-rate="1" branch-rate="1" complexity="1">
              <lines>
                <line number="313" hits="7" branch="False" />
              </lines>
            </method>
            <method name="get_RemoveExcludedProcessCommand" signature="()" line-rate="1" branch-rate="1" complexity="1">
              <lines>
                <line number="314" hits="7" branch="False" />
              </lines>
            </method>
            <method name="get_TogglePluginCommand" signature="()" line-rate="1" branch-rate="1" complexity="1">
              <lines>
                <line number="315" hits="4" branch="False" />
              </lines>
            </method>
            <method name="TogglePlugin" signature="(System.Object)" line-rate="1" branch-rate="1" complexity="6">
              <lines>
                <line number="318" hits="3" branch="False" />
                <line number="319" hits="3" branch="True" condition-coverage="100% (2/2)">
                  <conditions>
                    <condition number="14" type="jump" coverage="100%" />
                  </conditions>
                </line>
                <line number="320" hits="3" branch="False" />
                <line number="323" hits="3" branch="True" condition-coverage="100% (2/2)">
                  <conditions>
                    <condition number="25" type="jump" coverage="100%" />
                  </conditions>
                </line>
                <line number="324" hits="1" branch="False" />
                <line number="325" hits="1" branch="False" />
                <line number="326" hits="1" branch="False" />
                <line number="328" hits="2" branch="False" />
                <line number="329" hits="2" branch="True" condition-coverage="100% (2/2)">
                  <conditions>
                    <condition number="92" type="jump" coverage="100%" />
                  </conditions>
                </line>
                <line number="330" hits="1" branch="False" />
                <line number="331" hits="1" branch="False" />
                <line number="332" hits="1" branch="False" />
                <line number="333" hits="2" branch="False" />
                <line number="334" hits="3" branch="False" />
                <line number="335" hits="3" branch="False" />
                <line number="336" hits="3" branch="False" />
              </lines>
            </method>
            <method name="AddExcludedProcess" signature="()" line-rate="1" branch-rate="1" complexity="4">
              <lines>
                <line number="339" hits="3" branch="False" />
                <line number="340" hits="3" branch="False" />
                <line number="341" hits="3" branch="True" condition-coverage="100% (4/4)">
                  <conditions>
                    <condition number="19" type="jump" coverage="100%" />
                    <condition number="41" type="jump" coverage="100%" />
                  </conditions>
                </line>
                <line number="342" hits="1" branch="False" />
                <line number="343" hits="1" branch="False" />
                <line number="344" hits="1" branch="False" />
                <line number="345" hits="1" branch="False" />
                <line number="346" hits="1" branch="False" />
                <line number="347" hits="1" branch="False" />
                <line number="348" hits="3" branch="False" />
              </lines>
            </method>
            <method name="RemoveExcludedProcess" signature="()" line-rate="1" branch-rate="1" complexity="4">
              <lines>
                <line number="351" hits="3" branch="False" />
                <line number="352" hits="3" branch="False" />
                <line number="353" hits="3" branch="True" condition-coverage="100% (4/4)">
                  <conditions>
                    <condition number="14" type="jump" coverage="100%" />
                    <condition number="33" type="jump" coverage="100%" />
                  </conditions>
                </line>
                <line number="354" hits="1" branch="False" />
                <line number="355" hits="1" branch="False" />
                <line number="356" hits="1" branch="False" />
                <line number="357" hits="1" branch="False" />
                <line number="358" hits="1" branch="False" />
                <line number="359" hits="3" branch="False" />
              </lines>
            </method>
            <method name="OnPropertyChanged" signature="(System.String)" line-rate="1" branch-rate="1" complexity="2">
              <lines>
                <line number="363" hits="38" branch="False" />
                <line number="364" hits="38" branch="True" condition-coverage="100% (2/2)">
                  <conditions>
                    <condition number="8" type="jump" coverage="100%" />
                  </conditions>
                </line>
                <line number="365" hits="38" branch="False" />
              </lines>
            </method>
            <method name="&lt;.ctor&gt;b__80_1" signature="(System.Object)" line-rate="1" branch-rate="1" complexity="1">
              <lines>
                <line number="262" hits="41" branch="False" />
              </lines>
            </method>
            <method name="&lt;.ctor&gt;b__80_2" signature="(System.Object)" line-rate="1" branch-rate="1" complexity="1">
              <lines>
                <line number="263" hits="43" branch="False" />
              </lines>
            </method>
            <method name="&lt;.ctor&gt;b__80_4" signature="(System.Object)" line-rate="1" branch-rate="1" complexity="1">
              <lines>
                <line number="264" hits="43" branch="False" />
              </lines>
            </method>
            <method name=".ctor" signature="(SwitchBlade.Services.ISettingsService,SwitchBlade.Services.ThemeService,SwitchBlade.Services.IPluginService,SwitchBlade.Contracts.IUIService)" line-rate="1" branch-rate="1" complexity="4">
              <lines>
                <line number="217" hits="38" branch="False" />
                <line number="218" hits="38" branch="False" />
                <line number="219" hits="38" branch="False" />
                <line number="238" hits="38" branch="False" />
                <line number="239" hits="38" branch="False" />
                <line number="240" hits="38" branch="False" />
                <line number="241" hits="38" branch="False" />
                <line number="242" hits="38" branch="False" />
                <line number="244" hits="38" branch="False" />
                <line number="247" hits="118" branch="True" condition-coverage="100% (2/2)">
                  <conditions>
                    <condition number="191" type="jump" coverage="100%" />
                  </conditions>
                </line>
                <line number="248" hits="2" branch="False" />
                <line number="249" hits="2" branch="True" condition-coverage="100% (2/2)">
                  <conditions>
                    <condition number="171" type="jump" coverage="100%" />
                  </conditions>
                </line>
                <line number="250" hits="1" branch="False" />
                <line number="251" hits="1" branch="False" />
                <line number="252" hits="1" branch="False" />
                <line number="253" hits="2" branch="False" />
                <line number="255" hits="38" branch="False" />
                <line number="257" hits="38" branch="False" />
                <line number="258" hits="304" branch="False" />
                <line number="260" hits="38" branch="False" />
                <line number="265" hits="38" branch="False" />
                <line number="296" hits="38" branch="False" />
                <line number="297" hits="38" branch="False" />
              </lines>
            </method>
          </methods>
          <lines>
            <line number="19" hits="40" branch="False" />
            <line number="20" hits="40" branch="False" />
            <line number="26" hits="1" branch="False" />
            <line number="28" hits="2" branch="False" />
            <line number="29" hits="2" branch="True" condition-coverage="100% (2/2)">
              <conditions>
                <condition number="15" type="jump" coverage="100%" />
              </conditions>
            </line>
            <line number="30" hits="1" branch="False" />
            <line number="31" hits="1" branch="False" />
            <line number="32" hits="1" branch="False" />
            <line number="33" hits="1" branch="False" />
            <line number="34" hits="1" branch="False" />
            <line number="35" hits="2" branch="False" />
            <line number="40" hits="1" branch="False" />
            <line number="41" hits="5" branch="False" />
            <line number="46" hits="1" branch="False" />
            <line number="47" hits="5" branch="False" />
            <line number="52" hits="1" branch="False" />
[...]
            <line number="141" hits="5" branch="True" condition-coverage="100% (2/2)">
              <conditions>
                <condition number="18" type="jump" coverage="100%" />
              </conditions>
            </line>
            <line number="143" hits="3" branch="False" />
            <line number="144" hits="3" branch="False" />
            <line number="145" hits="3" branch="False" />
            <line number="147" hits="8" branch="False" />
            <line number="150" hits="4" branch="False" />
            <line number="151" hits="6" branch="True" condition-coverage="100% (2/2)">
              <conditions>
                <condition number="7" type="jump" coverage="100%" />
              </conditions>
            </line>
            <line number="154" hits="2" branch="False" />
            <line number="155" hits="2" branch="False" />
            <line number="157" hits="2" branch="False" />
            <line number="158" hits="2" branch="False" />
            <line number="159" hits="2" branch="False" />
            <line number="161" hits="4" branch="False" />
            <line number="164" hits="1" branch="False" />
            <line number="165" hits="1" branch="False" />
            <line number="166" hits="1" branch="False" />
            <line number="20" hits="3" branch="False" />
            <line number="14" hits="33" branch="False" />
            <line number="27" hits="33" branch="False" />
            <line number="28" hits="33" branch="False" />
            <line number="29" hits="33" branch="False" />
            <line number="30" hits="33" branch="True" condition-coverage="100% (2/2)">
              <conditions>
                <condition number="29" type="jump" coverage="100%" />
              </conditions>
            </line>
            <line number="31" hits="33" branch="False" />
          </lines>
        </class>
        <class name="SwitchBlade.Core.WindowFinder/&lt;&gt;c__DisplayClass14_0" filename="Core\WindowFinder.cs" line-rate="1" branch-rate="1" complexity="20">
          <methods>
            <method name="&lt;ScanWindowsCore&gt;g__EnumCallback|0" signature="(System.IntPtr,System.IntPtr)" line-rate="1" branch-rate="1" complexity="20">
              <lines>
                <line number="56" hits="11" branch="False" />
                <line number="57" hits="11" branch="True" condition-coverage="100% (2/2)">
                  <conditions>
                    <condition number="25" type="jump" coverage="100%" />
                  </conditions>
                </line>
                <line number="58" hits="1" branch="False" />
                <line number="63" hits="10" branch="False" />
                <line number="65" hits="10" branch="False" />
                <line number="66" hits="10" branch="True" condition-coverage="100% (2/2)">
                  <conditions>
                    <condition number="76" type="jump" coverage="100%" />
                  </conditions>
                </line>
                <line number="67" hits="1" branch="False" />
                <line number="71" hits="9" branch="True" condition-coverage="100% (2/2)">
                  <conditions>
                    <condition number="95" type="jump" coverage="100%" />
                  </conditions>
                </line>
                <line number="72" hits="5" branch="False" />
                <line number="75" hits="5" branch="False" />
                <line number="76" hits="5" branch="False" />
                <line number="77" hits="70" branch="True" condition-coverage="100% (2/2)">
                  <conditions>
                    <condition number="165" type="jump" coverage="100%" />
                  </conditions>
                </line>
                <line number="78" hits="34" branch="False" />
                <line number="79" hits="46" branch="True" condition-coverage="100% (2/2)">
                  <conditions>
                    <condition number="140" type="jump" coverage="100%" />
                  </conditions>
                </line>
                <line number="80" hits="30" branch="False" />
                <line number="81" hits="6" branch="True" condition-coverage="100% (2/2)">
                  <conditions>
                    <condition number="173" type="jump" coverage="100%" />
                  </conditions>
                </line>
                <line number="82" hits="4" branch="False" />
                <line number="85" hits="8" branch="False" />
                <line number="86" hits="8" branch="False" />
                <line number="88" hits="8" branch="False" />
                <line number="90" hits="8" branch="False" />
                <line number="91" hits="7" branch="True" condition-coverage="100% (2/2)">
                  <conditions>
                    <condition number="222" type="jump" coverage="100%" />
                  </conditions>
                </line>
                <line number="92" hits="5" branch="False" />
                <line number="93" hits="5" branch="False" />
                <line number="94" hits="5" branch="False" />
                <line number="95" hits="7" branch="False" />
                <line number="96" hits="1" branch="False" />
                <line number="97" hits="1" branch="False" />
                <line number="99" hits="1" branch="False" />
                <line number="102" hits="8" branch="True" condition-coverage="100% (4/4)">
                  <conditions>
                    <condition number="277" type="jump" coverage="100%" />
                    <condition number="308" type="jump" coverage="100%" />
                  </conditions>
                </line>
                <line number="103" hits="2" branch="False" />
                <line number="104" hits="2" branch="False" />
                <line number="108" hits="6" branch="False" />
                <line number="111" hits="6" branch="True" condition-coverage="100% (2/2)">
                  <conditions>
                    <condition number="341" type="jump" coverage="100%" />
                  </conditions>
                </line>
                <line number="113" hits="6" branch="False" />
                <line number="114" hits="6" branch="False" />
                <line number="115" hits="6" branch="False" />
                <line number="116" hits="6" branch="False" />
                <line number="117" hits="6" branch="False" />
                <line number="118" hits="6" branch="False" />
                <line number="119" hits="6" branch="False" />
                <line number="120" hits="6" branch="False" />
                <line number="122" hits="6" branch="False" />
                <line number="123" hits="11" branch="False" />
              </lines>
            </method>
          </methods>
          <lines>
            <line number="56" hits="11" branch="False" />
            <line number="57" hits="11" branch="True" condition-coverage="100% (2/2)">
              <conditions>
                <condition number="25" type="jump" coverage="100%" />
              </conditions>
            </line>
            <line number="58" hits="1" branch="False" />
            <line number="63" hits="10" branch="False" />
            <line number="65" hits="10" branch="False" />
            <line number="66" hits="10" branch="True" condition-coverage="100% (2/2)">
              <conditions>
                <condition number="76" type="jump" coverage="100%" />
              </conditions>
            </line>
            <line number="67" hits="1" branch="False" />
            <line number="71" hits="9" branch="True" condition-coverage="100% (2/2)">
              <conditions>
                <condition number="95" type="jump" coverage="100%" />
              </conditions>
            </line>
            <line number="72" hits="5" branch="False" />
            <line number="75" hits="5" branch="False" />
            <line number="76" hits="5" branch="False" />
            <line number="77" hits="70" branch="True" condition-coverage="100% (2/2)">
              <conditions>
                <condition number="165" type="jump" coverage="100%" />
              </conditions>
            </line>
            <line number="78" hits="34" branch="False" />
            <line number="79" hits="46" branch="True" condition-coverage="100% (2/2)">
              <conditions>
                <condition number="140" type="jump" coverage="100%" />
              </conditions>
            </line>
            <line number="80" hits="30" branch="False" />
            <line number="81" hits="6" branch="True" condition-coverage="100% (2/2)">
              <conditions>
                <condition number="173" type="jump" coverage="100%" />
              </conditions>
            </line>
            <line number="82" hits="4" branch="False" />
            <line number="85" hits="8" branch="False" />
            <line number="86" hits="8" branch="False" />
            <line number="88" hits="8" branch="False" />
            <line number="90" hits="8" branch="False" />
            <line number="91" hits="7" branch="True" condition-coverage="100% (2/2)">
              <conditions>
                <condition number="222" type="jump" coverage="100%" />
              </conditions>
            </line>
            <line number="92" hits="5" branch="False" />
            <line number="93" hits="5" branch="False" />
            <line number="94" hits="5" branch="False" />
            <line number="95" hits="7" branch="False" />
            <line number="96" hits="1" branch="False" />
            <line number="97" hits="1" branch="False" />
            <line number="99" hits="1" branch="False" />
            <line number="102" hits="8" branch="True" condition-coverage="100% (4/4)">
              <conditions>
                <condition number="277" type="jump" coverage="100%" />
                <condition number="308" type="jump" coverage="100%" />
              </conditions>
            </line>
            <line number="103" hits="2" branch="False" />
            <line number="104" hits="2" branch="False" />
            <line number="108" hits="6" branch="False" />
            <line number="111" hits="6" branch="True" condition-coverage="100% (2/2)">
              <conditions>
                <condition number="341" type="jump" coverage="100%" />
              </conditions>
            </line>
            <line number="113" hits="6" branch="False" />
            <line number="114" hits="6" branch="False" />
            <line number="115" hits="6" branch="False" />
            <line number="116" hits="6" branch="False" />
            <line number="117" hits="6" branch="False" />
            <line number="118" hits="6" branch="False" />
            <line number="119" hits="6" branch="False" />
            <line number="120" hits="6" branch="False" />
            <line number="122" hits="6" branch="False" />
            <line number="123" hits="11" branch="False" />
          </lines>
        </class>
        <class name="SwitchBlade.Core.WindowSearchService" filename="Core\WindowSearchService.cs" line-rate="1" branch-rate="1" complexity="10">
          <methods>
            <method name="Search" signature="(System.Collections.Generic.IEnumerable`1&lt;SwitchBlade.Contracts.WindowItem&gt;,System.String,System.Boolean)" line-rate="1" branch-rate="1" complexity="8">
              <lines>
                <line number="27" hits="41" branch="False" />
                <line number="28" hits="41" branch="True" condition-coverage="100% (2/2)">
                  <conditions>
                    <condition number="20" type="jump" coverage="100%" />
                  </conditions>
                </line>
                <line number="29" hits="1" branch="False" />
                <line number="31" hits="40" branch="False" />
                <line number="33" hits="40" branch="True" condition-coverage="100% (2/2)">
                  <conditions>
                    <condition number="56" type="jump" coverage="100%" />
                  </conditions>
                </line>
                <line number="34" hits="22" branch="False" />
                <line number="36" hits="22" branch="False" />
                <line number="37" hits="22" branch="False" />
                <line number="38" hits="27" branch="False" />
                <line number="39" hits="27" branch="False" />
                <line number="40" hits="27" branch="False" />
                <line number="41" hits="22" branch="False" />
                <line number="46" hits="18" branch="True" condition-coverage="100% (2/2)">
                  <conditions>
                    <condition number="190" type="jump" coverage="100%" />
                  </conditions>
                </line>
                <line number="47" hits="14" branch="False" />
                <line number="49" hits="14" branch="False" />
                <line number="50" hits="13" branch="False" />
                <line number="51" hits="13" branch="False" />
                <line number="52" hits="7" branch="False" />
                <line number="53" hits="7" branch="False" />
                <line number="54" hits="7" branch="False" />
                <line number="55" hits="7" branch="False" />
                <line number="56" hits="14" branch="False" />
                <line number="57" hits="14" branch="False" />
                <line number="58" hits="14" branch="False" />
                <line number="60" hits="4" branch="False" />
                <line number="62" hits="4" branch="False" />
                <line number="64" hits="4" branch="True" condition-coverage="100% (2/2)">
                  <conditions>
                    <condition number="457" type="jump" coverage="100%" />
                  </conditions>
                </line>
                <line number="65" hits="3" branch="False" />
                <line number="66" hits="3" branch="False" />
                <line number="67" hits="5" branch="False" />
                <line number="68" hits="3" branch="False" />
                <line number="69" hits="3" branch="False" />
                <line number="71" hits="1" branch="False" />
                <line number="73" hits="1" branch="False" />
                <line number="74" hits="2" branch="False" />
                <line number="75" hits="1" branch="False" />
                <line number="76" hits="1" branch="False" />
                <line number="79" hits="4" branch="False" />
                <line number="80" hits="4" branch="False" />
                <line number="81" hits="2" branch="False" />
                <line number="82" hits="2" branch="False" />
                <line number="83" hits="2" branch="False" />
                <line number="84" hits="4" branch="False" />
                <line number="85" hits="4" branch="False" />
                <line number="87" hits="18" branch="False" />
                <line number="88" hits="41" branch="False" />
              </lines>
            </method>
            <method name=".ctor" signature="(SwitchBlade.Core.IRegexCache)" line-rate="1" branch-rate="1" complexity="2">
              <lines>
                <line number="20" hits="51" branch="False" />
                <line number="21" hits="51" branch="False" />
                <line number="22" hits="51" branch="True" condition-coverage="100% (2/2)">
                  <conditions>
                    <condition number="11" type="jump" coverage="100%" />
                  </conditions>
                </line>
                <line number="23" hits="50" branch="False" />
              </lines>
            </method>
          </methods>
          <lines>
            <line number="27" hits="41" branch="False" />
            <line number="28" hits="41" branch="True" condition-coverage="100% (2/2)">
              <conditions>
                <condition number="20" type="jump" coverage="100%" />
              </conditions>
            </line>
            <line number="29" hits="1" branch="False" />
            <line number="31" hits="40" branch="False" />
            <line number="33" hits="40" branch="True" condition-coverage="100% (2/2)">
              <conditions>
                <condition number="56" type="jump" coverage="100%" />
              </conditions>
            </line>
            <line number="34" hits="22" branch="False" />
            <line number="36" hits="22" branch="False" />
            <line number="37" hits="22" branch="False" />
            <line number="38" hits="27" branch="False" />
            <line number="39" hits="27" branch="False" />
            <line number="40" hits="27" branch="False" />
            <line number="41" hits="22" branch="False" />
            <line number="46" hits="18" branch="True" condition-coverage="100% (2/2)">
              <conditions>
                <condition number="190" type="jump" coverage="100%" />
              </conditions>
            </line>
            <line number="47" hits="14" branch="False" />
            <line number="49" hits="14" branch="False" />
            <line number="50" hits="13" branch="False" />
            <line number="51" hits="13" branch="False" />
            <line number="52" hits="7" branch="False" />
            <line number="53" hits="7" branch="False" />
            <line number="54" hits="7" branch="False" />
            <line number="55" hits="7" branch="False" />
            <line number="56" hits="14" branch="False" />
            <line number="57" hits="14" branch="False" />
            <line number="58" hits="14" branch="False" />
            <line number="60" hits="4" branch="False" />
            <line number="62" hits="4" branch="False" />
            <line number="64" hits="4" branch="True" condition-coverage="100% (2/2)">
              <conditions>
                <condition number="457" type="jump" coverage="100%" />
              </conditions>
            </line>
            <line number="65" hits="3" branch="False" />
            <line number="66" hits="3" branch="False" />
            <line number="67" hits="5" branch="False" />
            <line number="68" hits="3" branch="False" />
            <line number="69" hits="3" branch="False" />
            <line number="71" hits="1" branch="False" />
            <line number="73" hits="1" branch="False" />
            <line number="74" hits="2" branch="False" />
            <line number="75" hits="1" branch="False" />
            <line number="76" hits="1" branch="False" />
            <line number="79" hits="4" branch="False" />
            <line number="80" hits="4" branch="False" />
            <line number="81" hits="2" branch="False" />
            <line number="82" hits="2" branch="False" />
            <line number="83" hits="2" branch="False" />
            <line number="84" hits="4" branch="False" />
            <line number="85" hits="4" branch="False" />
            <line number="87" hits="18" branch="False" />
            <line number="88" hits="41" branch="False" />
            <line number="20" hits="51" branch="False" />
            <line number="21" hits="51" branch="False" />
            <line number="22" hits="51" branch="True" condition-coverage="100% (2/2)">
              <conditions>
                <condition number="11" type="jump" coverage="100%" />
              </conditions>
            </line>
            <line number="23" hits="50" branch="False" />
          </lines>
        </class>
      </classes>
    </package>
  </packages>
</coverage>